<?xml version="1.0" encoding="UTF-8"?>
<testng-results ignored="0" total="2" passed="2" failed="0" skipped="0">
  <reporter-output>
  </reporter-output>
  <suite started-at="2018-11-04T16:28:18Z" name="Suite" finished-at="2018-11-04T16:28:18Z" duration-ms="61">
    <groups>
    </groups>
    <test started-at="2018-11-04T16:28:18Z" name="Test" finished-at="2018-11-04T16:28:18Z" duration-ms="61">
      <class name="dwl18grp.dwl18artid.test1">
        <test-method signature="f()[pri:0, instance:dwl18grp.dwl18artid.test1@2a8448fa]" started-at="2018-11-04T16:28:18Z" name="f" finished-at="2018-11-04T16:28:18Z" duration-ms="2" status="PASS">
          <reporter-output>
          </reporter-output>
        </test-method> <!-- f -->
      </class> <!-- dwl18grp.dwl18artid.test1 -->
      <class name="dwl18grp.dwl18artid.test2">
        <test-method signature="f()[pri:0, instance:dwl18grp.dwl18artid.test2@740fb309]" started-at="2018-11-04T16:28:18Z" name="f" finished-at="2018-11-04T16:28:18Z" duration-ms="20" status="PASS">
          <reporter-output>
          </reporter-output>
        </test-method> <!-- f -->
      </class> <!-- dwl18grp.dwl18artid.test2 -->
    </test> <!-- Test -->
  </suite> <!-- Suite -->
</testng-results>
